L 07/12/2026 - 20:54:49: Start of error session.
L 07/12/2026 - 20:54:49: Info (map "de_aztec") (file "addons/amxmodx/logs/error_20260712.log")
L 07/12/2026 - 20:54:49: [AMXX] Plugin file open error (plugin "adminhelp.amxx")
L 07/12/2026 - 20:54:49: [AMXX] Plugin file open error (plugin "adminslots.amxx")
L 07/12/2026 - 20:54:49: [AMXX] Plugin file open error (plugin "multilingual.amxx")
L 07/12/2026 - 20:54:49: [AMXX] Plugin file open error (plugin "menufront.amxx")
L 07/12/2026 - 20:54:49: [AMXX] Plugin file open error (plugin "cmdmenu.amxx")
L 07/12/2026 - 20:54:49: [AMXX] Plugin file open error (plugin "plmenu.amxx")
L 07/12/2026 - 20:54:49: [AMXX] Plugin file open error (plugin "mapsmenu.amxx")
L 07/12/2026 - 20:54:49: [AMXX] Plugin file open error (plugin "pluginmenu.amxx")
L 07/12/2026 - 20:54:49: [AMXX] Plugin file open error (plugin "adminchat.amxx")
L 07/12/2026 - 20:54:49: [AMXX] Plugin file open error (plugin "antiflood.amxx")
L 07/12/2026 - 20:54:49: [AMXX] Plugin file open error (plugin "scrollmsg.amxx")
L 07/12/2026 - 20:54:49: [AMXX] Plugin file open error (plugin "imessage.amxx")
L 07/12/2026 - 20:54:49: [AMXX] Plugin file open error (plugin "adminvote.amxx")
L 07/12/2026 - 20:54:49: [AMXX] Plugin file open error (plugin "nextmap.amxx")
L 07/12/2026 - 20:54:49: [AMXX] Plugin file open error (plugin "mapchooser.amxx")
L 07/12/2026 - 20:54:49: [AMXX] Plugin file open error (plugin "timeleft.amxx")
L 07/12/2026 - 20:54:49: [AMXX] Plugin file open error (plugin "pausecfg.amxx")
L 07/12/2026 - 20:54:49: [AMXX] Plugin file open error (plugin "statscfg.amxx")
L 07/12/2026 - 20:54:49: [AMXX] Plugin file open error (plugin "statsx.amxx")
L 07/12/2026 - 20:58:38: Start of error session.
L 07/12/2026 - 20:58:38: Info (map "de_dust2") (file "addons/amxmodx/logs/error_20260712.log")
L 07/12/2026 - 20:58:38: [AMXX] Plugin file open error (plugin "adminhelp.amxx")
L 07/12/2026 - 20:58:38: [AMXX] Plugin file open error (plugin "adminslots.amxx")
L 07/12/2026 - 20:58:38: [AMXX] Plugin file open error (plugin "multilingual.amxx")
L 07/12/2026 - 20:58:38: [AMXX] Plugin file open error (plugin "menufront.amxx")
L 07/12/2026 - 20:58:38: [AMXX] Plugin file open error (plugin "cmdmenu.amxx")
L 07/12/2026 - 20:58:38: [AMXX] Plugin file open error (plugin "plmenu.amxx")
L 07/12/2026 - 20:58:38: [AMXX] Plugin file open error (plugin "mapsmenu.amxx")
L 07/12/2026 - 20:58:38: [AMXX] Plugin file open error (plugin "pluginmenu.amxx")
L 07/12/2026 - 20:58:38: [AMXX] Plugin file open error (plugin "adminchat.amxx")
L 07/12/2026 - 20:58:38: [AMXX] Plugin file open error (plugin "antiflood.amxx")
L 07/12/2026 - 20:58:38: [AMXX] Plugin file open error (plugin "scrollmsg.amxx")
L 07/12/2026 - 20:58:38: [AMXX] Plugin file open error (plugin "imessage.amxx")
L 07/12/2026 - 20:58:38: [AMXX] Plugin file open error (plugin "adminvote.amxx")
L 07/12/2026 - 20:58:38: [AMXX] Plugin file open error (plugin "nextmap.amxx")
L 07/12/2026 - 20:58:38: [AMXX] Plugin file open error (plugin "mapchooser.amxx")
L 07/12/2026 - 20:58:38: [AMXX] Plugin file open error (plugin "timeleft.amxx")
L 07/12/2026 - 20:58:38: [AMXX] Plugin file open error (plugin "pausecfg.amxx")
L 07/12/2026 - 20:58:38: [AMXX] Plugin file open error (plugin "statscfg.amxx")
L 07/12/2026 - 20:58:38: [AMXX] Plugin file open error (plugin "statsx.amxx")
L 07/12/2026 - 20:59:11: Start of error session.
L 07/12/2026 - 20:59:11: Info (map "jail_anka_v1") (file "addons/amxmodx/logs/error_20260712.log")
L 07/12/2026 - 20:59:11: [AMXX] Plugin file open error (plugin "adminhelp.amxx")
L 07/12/2026 - 20:59:11: [AMXX] Plugin file open error (plugin "adminslots.amxx")
L 07/12/2026 - 20:59:11: [AMXX] Plugin file open error (plugin "multilingual.amxx")
L 07/12/2026 - 20:59:11: [AMXX] Plugin file open error (plugin "menufront.amxx")
L 07/12/2026 - 20:59:11: [AMXX] Plugin file open error (plugin "cmdmenu.amxx")
L 07/12/2026 - 20:59:11: [AMXX] Plugin file open error (plugin "plmenu.amxx")
L 07/12/2026 - 20:59:11: [AMXX] Plugin file open error (plugin "mapsmenu.amxx")
L 07/12/2026 - 20:59:11: [AMXX] Plugin file open error (plugin "pluginmenu.amxx")
L 07/12/2026 - 20:59:11: [AMXX] Plugin file open error (plugin "adminchat.amxx")
L 07/12/2026 - 20:59:11: [AMXX] Plugin file open error (plugin "antiflood.amxx")
L 07/12/2026 - 20:59:11: [AMXX] Plugin file open error (plugin "scrollmsg.amxx")
L 07/12/2026 - 20:59:11: [AMXX] Plugin file open error (plugin "imessage.amxx")
L 07/12/2026 - 20:59:11: [AMXX] Plugin file open error (plugin "adminvote.amxx")
L 07/12/2026 - 20:59:11: [AMXX] Plugin file open error (plugin "nextmap.amxx")
L 07/12/2026 - 20:59:11: [AMXX] Plugin file open error (plugin "mapchooser.amxx")
L 07/12/2026 - 20:59:11: [AMXX] Plugin file open error (plugin "timeleft.amxx")
L 07/12/2026 - 20:59:11: [AMXX] Plugin file open error (plugin "pausecfg.amxx")
L 07/12/2026 - 20:59:11: [AMXX] Plugin file open error (plugin "statscfg.amxx")
L 07/12/2026 - 20:59:11: [AMXX] Plugin file open error (plugin "statsx.amxx")
L 07/12/2026 - 21:01:04: Start of error session.
L 07/12/2026 - 21:01:04: Info (map "de_dust2") (file "addons/amxmodx/logs/error_20260712.log")
L 07/12/2026 - 21:01:04: [AMXX] Plugin file open error (plugin "adminhelp.amxx")
L 07/12/2026 - 21:01:04: [AMXX] Plugin file open error (plugin "adminslots.amxx")
L 07/12/2026 - 21:01:04: [AMXX] Plugin file open error (plugin "multilingual.amxx")
L 07/12/2026 - 21:01:04: [AMXX] Plugin file open error (plugin "menufront.amxx")
L 07/12/2026 - 21:01:04: [AMXX] Plugin file open error (plugin "cmdmenu.amxx")
L 07/12/2026 - 21:01:04: [AMXX] Plugin file open error (plugin "plmenu.amxx")
L 07/12/2026 - 21:01:04: [AMXX] Plugin file open error (plugin "mapsmenu.amxx")
L 07/12/2026 - 21:01:04: [AMXX] Plugin file open error (plugin "pluginmenu.amxx")
L 07/12/2026 - 21:01:04: [AMXX] Plugin file open error (plugin "adminchat.amxx")
L 07/12/2026 - 21:01:04: [AMXX] Plugin file open error (plugin "antiflood.amxx")
L 07/12/2026 - 21:01:04: [AMXX] Plugin file open error (plugin "scrollmsg.amxx")
L 07/12/2026 - 21:01:04: [AMXX] Plugin file open error (plugin "imessage.amxx")
L 07/12/2026 - 21:01:04: [AMXX] Plugin file open error (plugin "adminvote.amxx")
L 07/12/2026 - 21:01:04: [AMXX] Plugin file open error (plugin "nextmap.amxx")
L 07/12/2026 - 21:01:04: [AMXX] Plugin file open error (plugin "mapchooser.amxx")
L 07/12/2026 - 21:01:04: [AMXX] Plugin file open error (plugin "timeleft.amxx")
L 07/12/2026 - 21:01:04: [AMXX] Plugin file open error (plugin "pausecfg.amxx")
L 07/12/2026 - 21:01:05: [AMXX] Plugin file open error (plugin "statscfg.amxx")
L 07/12/2026 - 21:01:05: [AMXX] Plugin file open error (plugin "statsx.amxx")
L 07/12/2026 - 21:01:52: Start of error session.
L 07/12/2026 - 21:01:52: Info (map "jail_anka_v1") (file "addons/amxmodx/logs/error_20260712.log")
L 07/12/2026 - 21:01:52: [AMXX] Plugin file open error (plugin "adminhelp.amxx")
L 07/12/2026 - 21:01:52: [AMXX] Plugin file open error (plugin "adminslots.amxx")
L 07/12/2026 - 21:01:52: [AMXX] Plugin file open error (plugin "multilingual.amxx")
L 07/12/2026 - 21:01:52: [AMXX] Plugin file open error (plugin "menufront.amxx")
L 07/12/2026 - 21:01:52: [AMXX] Plugin file open error (plugin "cmdmenu.amxx")
L 07/12/2026 - 21:01:52: [AMXX] Plugin file open error (plugin "plmenu.amxx")
L 07/12/2026 - 21:01:52: [AMXX] Plugin file open error (plugin "mapsmenu.amxx")
L 07/12/2026 - 21:01:52: [AMXX] Plugin file open error (plugin "pluginmenu.amxx")
L 07/12/2026 - 21:01:52: [AMXX] Plugin file open error (plugin "adminchat.amxx")
L 07/12/2026 - 21:01:52: [AMXX] Plugin file open error (plugin "antiflood.amxx")
L 07/12/2026 - 21:01:52: [AMXX] Plugin file open error (plugin "scrollmsg.amxx")
L 07/12/2026 - 21:01:52: [AMXX] Plugin file open error (plugin "imessage.amxx")
L 07/12/2026 - 21:01:52: [AMXX] Plugin file open error (plugin "adminvote.amxx")
L 07/12/2026 - 21:01:52: [AMXX] Plugin file open error (plugin "nextmap.amxx")
L 07/12/2026 - 21:01:52: [AMXX] Plugin file open error (plugin "mapchooser.amxx")
L 07/12/2026 - 21:01:52: [AMXX] Plugin file open error (plugin "timeleft.amxx")
L 07/12/2026 - 21:01:52: [AMXX] Plugin file open error (plugin "pausecfg.amxx")
L 07/12/2026 - 21:01:52: [AMXX] Plugin file open error (plugin "statscfg.amxx")
L 07/12/2026 - 21:01:52: [AMXX] Plugin file open error (plugin "statsx.amxx")
L 07/12/2026 - 21:05:59: Start of error session.
L 07/12/2026 - 21:05:59: Info (map "jail_rats") (file "addons/amxmodx/logs/error_20260712.log")
L 07/12/2026 - 21:05:59: [AMXX] Plugin file open error (plugin "adminhelp.amxx")
L 07/12/2026 - 21:05:59: [AMXX] Plugin file open error (plugin "adminslots.amxx")
L 07/12/2026 - 21:05:59: [AMXX] Plugin file open error (plugin "multilingual.amxx")
L 07/12/2026 - 21:05:59: [AMXX] Plugin file open error (plugin "menufront.amxx")
L 07/12/2026 - 21:05:59: [AMXX] Plugin file open error (plugin "cmdmenu.amxx")
L 07/12/2026 - 21:05:59: [AMXX] Plugin file open error (plugin "plmenu.amxx")
L 07/12/2026 - 21:05:59: [AMXX] Plugin file open error (plugin "mapsmenu.amxx")
L 07/12/2026 - 21:05:59: [AMXX] Plugin file open error (plugin "pluginmenu.amxx")
L 07/12/2026 - 21:05:59: [AMXX] Plugin file open error (plugin "adminchat.amxx")
L 07/12/2026 - 21:05:59: [AMXX] Plugin file open error (plugin "antiflood.amxx")
L 07/12/2026 - 21:05:59: [AMXX] Plugin file open error (plugin "scrollmsg.amxx")
L 07/12/2026 - 21:05:59: [AMXX] Plugin file open error (plugin "imessage.amxx")
L 07/12/2026 - 21:05:59: [AMXX] Plugin file open error (plugin "adminvote.amxx")
L 07/12/2026 - 21:05:59: [AMXX] Plugin file open error (plugin "nextmap.amxx")
L 07/12/2026 - 21:05:59: [AMXX] Plugin file open error (plugin "mapchooser.amxx")
L 07/12/2026 - 21:05:59: [AMXX] Plugin file open error (plugin "timeleft.amxx")
L 07/12/2026 - 21:05:59: [AMXX] Plugin file open error (plugin "pausecfg.amxx")
L 07/12/2026 - 21:05:59: [AMXX] Plugin file open error (plugin "statscfg.amxx")
L 07/12/2026 - 21:05:59: [AMXX] Plugin file open error (plugin "statsx.amxx")
L 07/12/2026 - 21:10:28: Start of error session.
L 07/12/2026 - 21:10:28: Info (map "jail_bananas") (file "addons/amxmodx/logs/error_20260712.log")
L 07/12/2026 - 21:10:28: [AMXX] Plugin file open error (plugin "adminhelp.amxx")
L 07/12/2026 - 21:10:28: [AMXX] Plugin file open error (plugin "adminslots.amxx")
L 07/12/2026 - 21:10:28: [AMXX] Plugin file open error (plugin "multilingual.amxx")
L 07/12/2026 - 21:10:28: [AMXX] Plugin file open error (plugin "menufront.amxx")
L 07/12/2026 - 21:10:28: [AMXX] Plugin file open error (plugin "cmdmenu.amxx")
L 07/12/2026 - 21:10:28: [AMXX] Plugin file open error (plugin "plmenu.amxx")
L 07/12/2026 - 21:10:28: [AMXX] Plugin file open error (plugin "mapsmenu.amxx")
L 07/12/2026 - 21:10:28: [AMXX] Plugin file open error (plugin "pluginmenu.amxx")
L 07/12/2026 - 21:10:28: [AMXX] Plugin file open error (plugin "adminchat.amxx")
L 07/12/2026 - 21:10:28: [AMXX] Plugin file open error (plugin "antiflood.amxx")
L 07/12/2026 - 21:10:28: [AMXX] Plugin file open error (plugin "scrollmsg.amxx")
L 07/12/2026 - 21:10:28: [AMXX] Plugin file open error (plugin "imessage.amxx")
L 07/12/2026 - 21:10:28: [AMXX] Plugin file open error (plugin "adminvote.amxx")
L 07/12/2026 - 21:10:28: [AMXX] Plugin file open error (plugin "nextmap.amxx")
L 07/12/2026 - 21:10:28: [AMXX] Plugin file open error (plugin "mapchooser.amxx")
L 07/12/2026 - 21:10:28: [AMXX] Plugin file open error (plugin "timeleft.amxx")
L 07/12/2026 - 21:10:28: [AMXX] Plugin file open error (plugin "pausecfg.amxx")
L 07/12/2026 - 21:10:28: [AMXX] Plugin file open error (plugin "statscfg.amxx")
L 07/12/2026 - 21:10:28: [AMXX] Plugin file open error (plugin "statsx.amxx")
L 07/12/2026 - 21:13:58: Start of error session.
L 07/12/2026 - 21:13:58: Info (map "jail_xmf") (file "addons/amxmodx/logs/error_20260712.log")
L 07/12/2026 - 21:13:58: [AMXX] Plugin file open error (plugin "adminhelp.amxx")
L 07/12/2026 - 21:13:58: [AMXX] Plugin file open error (plugin "adminslots.amxx")
L 07/12/2026 - 21:13:58: [AMXX] Plugin file open error (plugin "multilingual.amxx")
L 07/12/2026 - 21:13:58: [AMXX] Plugin file open error (plugin "menufront.amxx")
L 07/12/2026 - 21:13:58: [AMXX] Plugin file open error (plugin "cmdmenu.amxx")
L 07/12/2026 - 21:13:58: [AMXX] Plugin file open error (plugin "plmenu.amxx")
L 07/12/2026 - 21:13:58: [AMXX] Plugin file open error (plugin "mapsmenu.amxx")
L 07/12/2026 - 21:13:58: [AMXX] Plugin file open error (plugin "pluginmenu.amxx")
L 07/12/2026 - 21:13:58: [AMXX] Plugin file open error (plugin "adminchat.amxx")
L 07/12/2026 - 21:13:58: [AMXX] Plugin file open error (plugin "antiflood.amxx")
L 07/12/2026 - 21:13:58: [AMXX] Plugin file open error (plugin "scrollmsg.amxx")
L 07/12/2026 - 21:13:58: [AMXX] Plugin file open error (plugin "imessage.amxx")
L 07/12/2026 - 21:13:58: [AMXX] Plugin file open error (plugin "adminvote.amxx")
L 07/12/2026 - 21:13:58: [AMXX] Plugin file open error (plugin "nextmap.amxx")
L 07/12/2026 - 21:13:58: [AMXX] Plugin file open error (plugin "mapchooser.amxx")
L 07/12/2026 - 21:13:58: [AMXX] Plugin file open error (plugin "timeleft.amxx")
L 07/12/2026 - 21:13:58: [AMXX] Plugin file open error (plugin "pausecfg.amxx")
L 07/12/2026 - 21:13:58: [AMXX] Plugin file open error (plugin "statscfg.amxx")
L 07/12/2026 - 21:13:58: [AMXX] Plugin file open error (plugin "statsx.amxx")
L 07/12/2026 - 21:17:37: Start of error session.
L 07/12/2026 - 21:17:37: Info (map "jb_oasis") (file "addons/amxmodx/logs/error_20260712.log")
L 07/12/2026 - 21:17:37: [AMXX] Plugin file open error (plugin "adminhelp.amxx")
L 07/12/2026 - 21:17:37: [AMXX] Plugin file open error (plugin "adminslots.amxx")
L 07/12/2026 - 21:17:37: [AMXX] Plugin file open error (plugin "multilingual.amxx")
L 07/12/2026 - 21:17:37: [AMXX] Plugin file open error (plugin "menufront.amxx")
L 07/12/2026 - 21:17:37: [AMXX] Plugin file open error (plugin "cmdmenu.amxx")
L 07/12/2026 - 21:17:37: [AMXX] Plugin file open error (plugin "plmenu.amxx")
L 07/12/2026 - 21:17:37: [AMXX] Plugin file open error (plugin "mapsmenu.amxx")
L 07/12/2026 - 21:17:37: [AMXX] Plugin file open error (plugin "pluginmenu.amxx")
L 07/12/2026 - 21:17:37: [AMXX] Plugin file open error (plugin "adminchat.amxx")
L 07/12/2026 - 21:17:37: [AMXX] Plugin file open error (plugin "antiflood.amxx")
L 07/12/2026 - 21:17:37: [AMXX] Plugin file open error (plugin "scrollmsg.amxx")
L 07/12/2026 - 21:17:37: [AMXX] Plugin file open error (plugin "imessage.amxx")
L 07/12/2026 - 21:17:37: [AMXX] Plugin file open error (plugin "adminvote.amxx")
L 07/12/2026 - 21:17:37: [AMXX] Plugin file open error (plugin "nextmap.amxx")
L 07/12/2026 - 21:17:37: [AMXX] Plugin file open error (plugin "mapchooser.amxx")
L 07/12/2026 - 21:17:37: [AMXX] Plugin file open error (plugin "timeleft.amxx")
L 07/12/2026 - 21:17:37: [AMXX] Plugin file open error (plugin "pausecfg.amxx")
L 07/12/2026 - 21:17:37: [AMXX] Plugin file open error (plugin "statscfg.amxx")
L 07/12/2026 - 21:17:37: [AMXX] Plugin file open error (plugin "statsx.amxx")
