L 07/13/2026 - 16:01:24: Start of error session.
L 07/13/2026 - 16:01:24: Info (map "jail_rats") (file "addons/amxmodx/logs/error_20260713.log")
L 07/13/2026 - 16:01:24: [AMXX] Plugin file open error (plugin "adminhelp.amxx")
L 07/13/2026 - 16:01:24: [AMXX] Plugin file open error (plugin "adminslots.amxx")
L 07/13/2026 - 16:01:24: [AMXX] Plugin file open error (plugin "multilingual.amxx")
L 07/13/2026 - 16:01:24: [AMXX] Plugin file open error (plugin "menufront.amxx")
L 07/13/2026 - 16:01:24: [AMXX] Plugin file open error (plugin "cmdmenu.amxx")
L 07/13/2026 - 16:01:24: [AMXX] Plugin file open error (plugin "plmenu.amxx")
L 07/13/2026 - 16:01:24: [AMXX] Plugin file open error (plugin "mapsmenu.amxx")
L 07/13/2026 - 16:01:24: [AMXX] Plugin file open error (plugin "pluginmenu.amxx")
L 07/13/2026 - 16:01:24: [AMXX] Plugin file open error (plugin "adminchat.amxx")
L 07/13/2026 - 16:01:24: [AMXX] Plugin file open error (plugin "antiflood.amxx")
L 07/13/2026 - 16:01:24: [AMXX] Plugin file open error (plugin "scrollmsg.amxx")
L 07/13/2026 - 16:01:24: [AMXX] Plugin file open error (plugin "imessage.amxx")
L 07/13/2026 - 16:01:24: [AMXX] Plugin file open error (plugin "adminvote.amxx")
L 07/13/2026 - 16:01:24: [AMXX] Plugin file open error (plugin "nextmap.amxx")
L 07/13/2026 - 16:01:24: [AMXX] Plugin file open error (plugin "mapchooser.amxx")
L 07/13/2026 - 16:01:24: [AMXX] Plugin file open error (plugin "timeleft.amxx")
L 07/13/2026 - 16:01:24: [AMXX] Plugin file open error (plugin "pausecfg.amxx")
L 07/13/2026 - 16:01:25: [AMXX] Plugin file open error (plugin "statscfg.amxx")
L 07/13/2026 - 16:01:25: [AMXX] Plugin file open error (plugin "statsx.amxx")
